<?xml version="1.0" encoding="UTF-8"?>
<!-- Generated by org.testng.reporters.JUnitReportReporter -->
<testsuite skipped="0" hostname="LAPTOP-G176N8GQ" name="com.tutorialsninja.testsuite.LaptopsAndNotebooksPageTest" tests="2" failures="0" timestamp="2022-12-13T19:17:26 GMT" time="24.426" errors="0">
  <testcase name="verifyThatUserPlaceOrderSuccessfully" time="15.389" classname="com.tutorialsninja.testsuite.LaptopsAndNotebooksPageTest"/>
  <system-out>
    <![CDATA[MouseHover On LaptopsAndDesktopTab[[ChromeDriver: chrome on WINDOWS (d34472660d4d491091827a293d8cd740)] -> link text: Laptops & Notebooks]
clickOnShowAllLaptopsAndNotebooks[[ChromeDriver: chrome on WINDOWS (d34472660d4d491091827a293d8cd740)] -> xpath: //a[contains(text(),'Show All Laptops & Notebooks')]]
Sort By PriceHighToLow[[ChromeDriver: chrome on WINDOWS (d34472660d4d491091827a293d8cd740)] -> xpath: //select[@id='input-sort']]
Click On MacBookTab[[ChromeDriver: chrome on WINDOWS (d34472660d4d491091827a293d8cd740)] -> link text: MacBook]
Click On AddToCartButton[[ChromeDriver: chrome on WINDOWS (d34472660d4d491091827a293d8cd740)] -> xpath: //button[@id='button-cart']]
Get SuccessText From Link[[ChromeDriver: chrome on WINDOWS (d34472660d4d491091827a293d8cd740)] -> xpath: //div[@class='alert alert-success alert-dismissible']]
Click On ShoppingCart[[ChromeDriver: chrome on WINDOWS (d34472660d4d491091827a293d8cd740)] -> xpath: //span[contains(text(),'Shopping Cart')]]
get ShoppingCart Message[[ChromeDriver: chrome on WINDOWS (d34472660d4d491091827a293d8cd740)] -> xpath: //a[contains(text(),'Shopping Cart')]]
Get VerifyProduct Macbook[[ChromeDriver: chrome on WINDOWS (d34472660d4d491091827a293d8cd740)] -> link text: MacBook]
Click On UpdateCart[[ChromeDriver: chrome on WINDOWS (d34472660d4d491091827a293d8cd740)] -> xpath: //button[contains(@data-original-title, 'Update')]]
getSuccessModifiedCartMessage[[ChromeDriver: chrome on WINDOWS (d34472660d4d491091827a293d8cd740)] -> xpath: //div[@id='checkout-cart']/div[1]]
Get VerifyTotal[[ChromeDriver: chrome on WINDOWS (d34472660d4d491091827a293d8cd740)] -> xpath: //tbody/tr[1]/td[6]]
Click On CheckoutButton[[ChromeDriver: chrome on WINDOWS (d34472660d4d491091827a293d8cd740)] -> xpath: //a[contains(text(),'Checkout')]]
Get Checkout Text[[ChromeDriver: chrome on WINDOWS (d34472660d4d491091827a293d8cd740)] -> xpath: //h1[contains(text(),'Checkout')]]
Get NewCustomer Text[[ChromeDriver: chrome on WINDOWS (d34472660d4d491091827a293d8cd740)] -> xpath: //div[@class='col-sm-6']//h2]
Click On GuestCheckoutRadioButton[[ChromeDriver: chrome on WINDOWS (d34472660d4d491091827a293d8cd740)] -> xpath: //input[@name='account' and @value='guest']]
Click On ContinueTab[[ChromeDriver: chrome on WINDOWS (d34472660d4d491091827a293d8cd740)] -> xpath: //input[@id='button-account']]
Enter Name Xyz in firstname field[[ChromeDriver: chrome on WINDOWS (d34472660d4d491091827a293d8cd740)] -> name: firstname]
Enter LastName zyx in lastname field [[ChromeDriver: chrome on WINDOWS (d34472660d4d491091827a293d8cd740)] -> name: lastname]
Enter Email  test123@gmail.com to email field[[ChromeDriver: chrome on WINDOWS (d34472660d4d491091827a293d8cd740)] -> id: input-payment-email]
Enter Telephone 07722567890 in telephone field 07722567890
enter Address[[ChromeDriver: chrome on WINDOWS (d34472660d4d491091827a293d8cd740)] -> name: address_1]
Enter City [[ChromeDriver: chrome on WINDOWS (d34472660d4d491091827a293d8cd740)] -> name: city]
Enter Postcode[[ChromeDriver: chrome on WINDOWS (d34472660d4d491091827a293d8cd740)] -> name: postcode]
enter Country[[ChromeDriver: chrome on WINDOWS (d34472660d4d491091827a293d8cd740)] -> id: input-payment-country]
enter Zone[[ChromeDriver: chrome on WINDOWS (d34472660d4d491091827a293d8cd740)] -> xpath: //select[@id='input-payment-zone']]
clickOnContinueButton[[ChromeDriver: chrome on WINDOWS (d34472660d4d491091827a293d8cd740)] -> xpath: //input[@id='button-guest']]
enterTextToTextArea[[ChromeDriver: chrome on WINDOWS (d34472660d4d491091827a293d8cd740)] -> xpath: //textarea[@name='comment']]
clickOnTermsAndConditionsCheckbox[[ChromeDriver: chrome on WINDOWS (d34472660d4d491091827a293d8cd740)] -> name: agree]
clickOnFinalContinueButton[[ChromeDriver: chrome on WINDOWS (d34472660d4d491091827a293d8cd740)] -> xpath: //input[@id='button-payment-method']]
getWarningPaymentMethodRequiredText[[ChromeDriver: chrome on WINDOWS (d34472660d4d491091827a293d8cd740)] -> xpath: //div[@class='alert alert-danger alert-dismissible']]]]>
  </system-out>
  <testcase name="verifyProductsPriceDisplayHighToLowSuccessfully" time="9.037" classname="com.tutorialsninja.testsuite.LaptopsAndNotebooksPageTest"/>
  <system-out>
    <![CDATA[MouseHover On LaptopsAndDesktopTab[[ChromeDriver: chrome on WINDOWS (c71935d2f308d898f539cb99a1cbc0ab)] -> link text: Laptops & Notebooks]
clickOnShowAllLaptopsAndNotebooks[[ChromeDriver: chrome on WINDOWS (c71935d2f308d898f539cb99a1cbc0ab)] -> xpath: //a[contains(text(),'Show All Laptops & Notebooks')]]
Sort By PriceHighToLow[[ChromeDriver: chrome on WINDOWS (c71935d2f308d898f539cb99a1cbc0ab)] -> xpath: //select[@id='input-sort']]]]>
  </system-out>
</testsuite> <!-- com.tutorialsninja.testsuite.LaptopsAndNotebooksPageTest -->
