<?xml version="1.0" encoding="UTF-8"?>
<!-- Generated by org.testng.reporters.JUnitReportReporter -->
<testsuite skipped="0" hostname="LAPTOP-G176N8GQ" name="com.tutorialsninja.testsuite.MyAccountPageTest" tests="4" failures="0" timestamp="2022-12-13T19:23:24 GMT" time="68.043" errors="0">
  <testcase name="verifyUserShouldNavigateToLoginPageSuccessfully" time="5.221" classname="com.tutorialsninja.testsuite.MyAccountPageTest"/>
  <system-out>
    <![CDATA[click On MyAccount Link [[ChromeDriver: chrome on WINDOWS (9247726fd027766b9f8def60c66209f1)] -> xpath: //span[contains(text(),'My Account')]]
getReturningCustomerMessage[[ChromeDriver: chrome on WINDOWS (9247726fd027766b9f8def60c66209f1)] -> xpath: //h2[contains(text(),'Returning Customer')]]]]>
  </system-out>
  <testcase name="verifyUserShouldNavigateToRegisterPageSuccessfully" time="25.172" classname="com.tutorialsninja.testsuite.MyAccountPageTest"/>
  <system-out>
    <![CDATA[click On MyAccount Link [[ChromeDriver: chrome on WINDOWS (979a55ad0b5a75a7cf394d6a63abad69)] -> xpath: //span[contains(text(),'My Account')]]
getRegisterAccountMessage[[ChromeDriver: chrome on WINDOWS (979a55ad0b5a75a7cf394d6a63abad69)] -> xpath: //h1[contains(text(),'Register Account')]]]]>
  </system-out>
  <testcase name="verifyThatUserShouldLoginAndLogoutSuccessfully" time="9.223" classname="com.tutorialsninja.testsuite.MyAccountPageTest"/>
  <system-out>
    <![CDATA[click On MyAccount Link [[ChromeDriver: chrome on WINDOWS (be07bedc2c029bdd55c37da78fba58c7)] -> xpath: //span[contains(text(),'My Account')]]
Enter harry111@gmail.com EmailId[[ChromeDriver: chrome on WINDOWS (be07bedc2c029bdd55c37da78fba58c7)] -> id: input-email]
Enter Password Harry123 in password field[[ChromeDriver: chrome on WINDOWS (be07bedc2c029bdd55c37da78fba58c7)] -> id: input-password]
clickOnLogin[[ChromeDriver: chrome on WINDOWS (be07bedc2c029bdd55c37da78fba58c7)] -> xpath: //form[contains(@action,'login')]//input[@type='submit']]
clickOnMyAccountTab[[ChromeDriver: chrome on WINDOWS (be07bedc2c029bdd55c37da78fba58c7)] -> xpath: //span[contains(text(),'My Account')]]
getAccountLogoutMessage[[ChromeDriver: chrome on WINDOWS (be07bedc2c029bdd55c37da78fba58c7)] -> xpath: //h1[contains(text(),'Account Logout')]]
click On Continue Button3[[ChromeDriver: chrome on WINDOWS (be07bedc2c029bdd55c37da78fba58c7)] -> xpath: //a[contains(text(),'Continue')]]]]>
  </system-out>
  <testcase name="verifyThatUserRegisterAccountSuccessfully" time="28.427" classname="com.tutorialsninja.testsuite.MyAccountPageTest"/>
  <system-out>
    <![CDATA[click On MyAccount Link [[ChromeDriver: chrome on WINDOWS (8e6661494d5c7639daa43023d29d6fae)] -> xpath: //span[contains(text(),'My Account')]]
Enter First Name Harry in field[[ChromeDriver: chrome on WINDOWS (8e6661494d5c7639daa43023d29d6fae)] -> id: input-firstname]
Enter First Name potter in field[[ChromeDriver: chrome on WINDOWS (8e6661494d5c7639daa43023d29d6fae)] -> id: input-lastname]
Enter harry115@gmail.com EmailId[[ChromeDriver: chrome on WINDOWS (8e6661494d5c7639daa43023d29d6fae)] -> id: input-email]
Enter 07734227890Phone Number[[ChromeDriver: chrome on WINDOWS (8e6661494d5c7639daa43023d29d6fae)] -> id: input-telephone]
Enter Password Harry123 in password field[[ChromeDriver: chrome on WINDOWS (8e6661494d5c7639daa43023d29d6fae)] -> id: input-password]
enter ConfirmPassword [[ChromeDriver: chrome on WINDOWS (8e6661494d5c7639daa43023d29d6fae)] -> id: input-confirm]
clickSubscribeOnYesRadioButton [[ChromeDriver: chrome on WINDOWS (8e6661494d5c7639daa43023d29d6fae)] -> xpath: //input[@name='newsletter']]
clickOnPrivacyPolicyCheckBox[[ChromeDriver: chrome on WINDOWS (8e6661494d5c7639daa43023d29d6fae)] -> xpath: //div[@class = 'buttons']//input[@name='agree']]
clickOnContinue1[[ChromeDriver: chrome on WINDOWS (8e6661494d5c7639daa43023d29d6fae)] -> xpath: //div[@class = 'buttons']//input[@value='Continue']]
getAccountCreatedMessage[[ChromeDriver: chrome on WINDOWS (8e6661494d5c7639daa43023d29d6fae)] -> xpath: //h1[contains(text(),'Your Account Has Been Created!')]]
clickOnContinueButton2[[ChromeDriver: chrome on WINDOWS (8e6661494d5c7639daa43023d29d6fae)] -> xpath: //a[contains(text(),'Continue')]]
clickOnMyAccountTab[[ChromeDriver: chrome on WINDOWS (8e6661494d5c7639daa43023d29d6fae)] -> xpath: //span[contains(text(),'My Account')]]
getAccountLogoutMessage[[ChromeDriver: chrome on WINDOWS (8e6661494d5c7639daa43023d29d6fae)] -> xpath: //h1[contains(text(),'Account Logout')]]
click On Continue Button3[[ChromeDriver: chrome on WINDOWS (8e6661494d5c7639daa43023d29d6fae)] -> xpath: //a[contains(text(),'Continue')]]]]>
  </system-out>
</testsuite> <!-- com.tutorialsninja.testsuite.MyAccountPageTest -->
