<?xml version="1.0" encoding="UTF-8"?>
<!-- Generated by org.testng.reporters.JUnitReportReporter -->
<testsuite skipped="0" hostname="LAPTOP-G176N8GQ" name="com.tutorialsninja.testsuite.DesktopsPageTest" tests="2" failures="0" timestamp="2022-12-13T19:11:54 GMT" time="38.194" errors="0">
  <testcase name="verifyProductAddedToShoppingCartSuccessFully" time="28.610" classname="com.tutorialsninja.testsuite.DesktopsPageTest"/>
  <system-out>
    <![CDATA[Mouse Hover On Desktop[[ChromeDriver: chrome on WINDOWS (31ac308bc1cec785817f81b1c669c9d3)] -> link text: Desktops]
click On Show All Desktop[[ChromeDriver: chrome on WINDOWS (31ac308bc1cec785817f81b1c669c9d3)] -> link text: Show All Desktops]
Sort Name (A - Z) By Position NameAtoZ[[ChromeDriver: chrome on WINDOWS (31ac308bc1cec785817f81b1c669c9d3)] -> xpath: //select[@id='input-sort']]
Click On Product HPLP3065[[ChromeDriver: chrome on WINDOWS (31ac308bc1cec785817f81b1c669c9d3)] -> link text: HP LP3065]
Get HPLP3065Text From List[[ChromeDriver: chrome on WINDOWS (31ac308bc1cec785817f81b1c669c9d3)] -> xpath: //h1[contains(text(),'HP LP3065')]]
Select Delivery Date
enter Quantity1[[ChromeDriver: chrome on WINDOWS (31ac308bc1cec785817f81b1c669c9d3)] -> xpath: //input[@id='input-quantity']]
Click On Add To Cart[[ChromeDriver: chrome on WINDOWS (31ac308bc1cec785817f81b1c669c9d3)] -> xpath: //button[@id='button-cart']]
verifyProductAddedToShoppingCartText[[ChromeDriver: chrome on WINDOWS (31ac308bc1cec785817f81b1c669c9d3)] -> xpath: //div[@class='alert alert-success alert-dismissible']]
clickOnShoppingCart[[ChromeDriver: chrome on WINDOWS (31ac308bc1cec785817f81b1c669c9d3)] -> xpath: //span[contains(text(),'Shopping Cart')]]
Verify Text ShoppingCart[[ChromeDriver: chrome on WINDOWS (31ac308bc1cec785817f81b1c669c9d3)] -> xpath: //div[@id='content']//h1]
VerifyTextProductNameHPLP3065[[ChromeDriver: chrome on WINDOWS (31ac308bc1cec785817f81b1c669c9d3)] -> link text: HP LP3065]
verifyDeliveryDate[[ChromeDriver: chrome on WINDOWS (31ac308bc1cec785817f81b1c669c9d3)] -> xpath: //div[@class = 'table-responsive']/table/tbody/tr/td[2]/small[1]]
Verify TheModelProduct21 Text[[ChromeDriver: chrome on WINDOWS (31ac308bc1cec785817f81b1c669c9d3)] -> xpath: //td[contains(text(),'Product 21')]]
verifyTheTotalPriceText[[ChromeDriver: chrome on WINDOWS (31ac308bc1cec785817f81b1c669c9d3)] -> xpath: //div[@class = 'table-responsive']/table/tbody/tr/td[6]]]]>
  </system-out>
  <testcase name="verifyProductsPriceDisplayHighToLowSuccessfully" time="9.584" classname="com.tutorialsninja.testsuite.DesktopsPageTest"/>
  <system-out>
    <![CDATA[Mouse Hover On Desktop[[ChromeDriver: chrome on WINDOWS (7eba807ab3c6f79a0271015d28361953)] -> link text: Desktops]
click On Show All Desktop[[ChromeDriver: chrome on WINDOWS (7eba807ab3c6f79a0271015d28361953)] -> link text: Show All Desktops]
Sort Name (Z - A) By Position NameZtoA[[ChromeDriver: chrome on WINDOWS (7eba807ab3c6f79a0271015d28361953)] -> xpath: //select[@id='input-sort']]]]>
  </system-out>
</testsuite> <!-- com.tutorialsninja.testsuite.DesktopsPageTest -->
