<?xml version="1.0" encoding="UTF-8"?>
<!-- Generated by org.testng.reporters.JUnitReportReporter -->
<testsuite skipped="0" hostname="LAPTOP-G176N8GQ" name="com.tutorialsninja.testsuite.TopMenuPageTest" tests="3" failures="0" timestamp="2022-12-13T19:26:51 GMT" time="18.910" errors="0">
  <testcase name="verifyUserShouldNavigateToDesktopsPageSuccessfully" time="6.475" classname="com.tutorialsninja.testsuite.TopMenuPageTest"/>
  <system-out>
    <![CDATA[ Mousehover and Click on desktop [[ChromeDriver: chrome on WINDOWS (9d929d1c3259e600c177a8d9c393ef9b)] -> link text: Desktops]
Select menu [[ChromeDriver: chrome on WINDOWS (9d929d1c3259e600c177a8d9c393ef9b)] -> xpath: //nav[@id='menu']//ul/li[contains(@class, 'open')]/div/child::*]
get Text Desktop[[ChromeDriver: chrome on WINDOWS (9d929d1c3259e600c177a8d9c393ef9b)] -> xpath: //h2[contains(text(),'Desktops')]]]]>
  </system-out>
  <testcase name="verifyUserShouldNavigateToLaptopsAndNotebooksPageSuccessfully" time="4.871" classname="com.tutorialsninja.testsuite.TopMenuPageTest"/>
  <system-out>
    <![CDATA[mouseHoverOnLaptopsAndNotebooksTab[[ChromeDriver: chrome on WINDOWS (d8f6ccbb25d1a3512e74d0c992f60537)] -> link text: Laptops & Notebooks]
Select menu [[ChromeDriver: chrome on WINDOWS (d8f6ccbb25d1a3512e74d0c992f60537)] -> xpath: //nav[@id='menu']//ul/li[contains(@class, 'open')]/div/child::*]
getLaptopsAndNotebooksText[[ChromeDriver: chrome on WINDOWS (d8f6ccbb25d1a3512e74d0c992f60537)] -> xpath: //h2[contains(text(),'Laptops & Notebooks')]]]]>
  </system-out>
  <testcase name="verifyUserShouldNavigateToComponentsPageSuccessfully" time="7.564" classname="com.tutorialsninja.testsuite.TopMenuPageTest"/>
  <system-out>
    <![CDATA[mouseHoverToComponentsTab[[ChromeDriver: chrome on WINDOWS (19685504ad450291f93087f0a293257e)] -> link text: Components]
Select menu [[ChromeDriver: chrome on WINDOWS (19685504ad450291f93087f0a293257e)] -> xpath: //nav[@id='menu']//ul/li[contains(@class, 'open')]/div/child::*]
getComponentsText[[ChromeDriver: chrome on WINDOWS (19685504ad450291f93087f0a293257e)] -> xpath: //h2[contains(text(),'Components')]]]]>
  </system-out>
</testsuite> <!-- com.tutorialsninja.testsuite.TopMenuPageTest -->
